20230401	01:41:59	724c6a02-1606-419b-9d48-042a39476f0c	Error: Failed to lookup view "index" in views directory "/Users/noahrhodes/dev/cosc4353-SD/hw1/views "	GET	/	undefined
20230401	01:42:25	2186ad6a-2d81-4111-b9ed-a6b98d0e2a30	Error: Failed to lookup view "index.ejs" in views directory "/Users/noahrhodes/dev/cosc4353-SD/hw1/views "	GET	/	undefined
20230401	01:43:26	0fd3e50e-60dc-4843-a869-221b039ca336	Error: Failed to lookup view "index.ejs" in views directory "/Users/noahrhodes/dev/cosc4353-SD/hw1/views "	GET	/	undefined
20230401	01:43:49	f183b2fb-7d39-4500-b21f-57bd31b09fed	Error: Failed to lookup view "index" in views directory "/Users/noahrhodes/dev/cosc4353-SD/hw1/views "	GET	/	undefined
20230401	01:43:59	f8efc66f-8e30-4ff0-bae2-ac66072f2c7b	Error: Failed to lookup view "index.ejs" in views directory "/Users/noahrhodes/dev/cosc4353-SD/hw1/views "	GET	/	undefined
20230401	01:44:29	a31d2e8c-af1e-45de-8b27-fe7b8d31c62d	Error: Failed to lookup view "index" in views directory "/Users/noahrhodes/dev/cosc4353-SD/hw1/views "	GET	/	undefined
20230401	01:46:05	9421acab-3310-4c66-997f-bc6490012338	Error: Failed to lookup view "index" in views directory "/Users/noahrhodes/dev/cosc4353-SD/hw1/views "	GET	/	undefined
20230401	01:46:37	139dc13f-042c-479b-9379-814873ec0681	Error: Failed to lookup view "index" in views directory "/Users/noahrhodes/dev/cosc4353-SD/hw1/views "	GET	/	undefined
20230401	01:49:18	c00d0937-7ce9-47c6-a028-20e185a47142	Error: Failed to lookup view "index.ejs" in views directory "/Users/noahrhodes/dev/cosc4353-SD/hw1/views "	GET	/	undefined
20230401	01:49:32	e63b76c1-9667-4a74-bbbb-8e68b8ffca96	Error: Failed to lookup view "index" in views directory "/Users/noahrhodes/dev/cosc4353-SD/hw1/views "	GET	/	undefined
20230401	01:50:58	477faabc-2ca2-42f7-9c1f-36eeaacd4839	Error: Failed to lookup view "layouts/layout" in views directory "/Users/noahrhodes/dev/cosc4353-SD/hw1/views "	GET	/	undefined
20230401	01:53:44	2ea57895-9c1b-4b06-b9c7-ef69e433ccd6	Error: Failed to lookup view "layouts/layout" in views directory "/Users/noahrhodes/dev/cosc4353-SD/hw1/views "	GET	/	undefined
20230401	01:54:54	87ba7653-0ea4-4c63-836f-10ce52df7dc2	Error: Failed to lookup view "index" in views directory "/Users/noahrhodes/dev/cosc4353-SD/hw1/views "	GET	/	undefined
20230402	16:35:33	95b1c020-aaf7-433e-8323-9430cc2219b4	Error: User not found	GET	/users	undefined
20230402	19:44:24	cfa2fb7d-69f5-475f-aa38-ce99b8b54dbf	Error: User not found	GET	/users	undefined
20230402	19:44:48	09586d41-59dc-4d1c-a59a-8960ae9ed86a	Error: User not found	GET	/users	undefined
20230403	17:28:07	cd8072fd-0c02-4134-b1f2-79f570ea0062	ReferenceError: UserCredentials is not defined	GET	/login	undefined
20230403	17:29:05	671c3fdb-47ce-419c-8ae1-407df9124ca7	Error: User not found	GET	/login	undefined
20230403	17:44:20	d4354284-538d-4bbb-b644-a40e28247b07	Error: Not allowed by CORS	POST	/login	http://localhost:3000
20230403	18:11:27	34fec6fc-3ca1-42b2-84c5-c61c2da88983	ReferenceError: UserCredentials is not defined	POST	/register	undefined
20230403	18:51:19	807d037c-5e87-468a-9ad0-ce61659bc622	Error: User not found	POST	/login	http://localhost:3000
20230403	18:51:47	ae060fac-041f-41d9-b32e-b8f6010e08c0	Error: User not found	POST	/login	http://localhost:3000
20230403	18:53:14	cef20d5f-9a82-4087-a3bb-4231178ae7d6	Error: User not found	POST	/login	http://localhost:3000
20230403	19:02:53	ace06eee-e65e-4009-8b3d-88ed7dd5f342	Error: User not found	POST	/login	http://localhost:3000
20230403	19:10:11	099ebd0b-d2ad-47e4-8bef-b55b89d32298	Error: User not found	POST	/login	undefined
20230403	19:10:21	18f4994f-85a3-4f40-91bb-55017690dc56	SyntaxError: Expected double-quoted property name in JSON at position 34	POST	/login	undefined
20230403	19:10:29	15e36fa7-2cf7-40c6-b016-3c92098b6487	SyntaxError: Expected ',' or '}' after property value in JSON at position 33	POST	/login	undefined
20230403	19:10:42	0384d4bd-556f-4133-beac-27c025b97b4f	Error: User not found	POST	/login	undefined
20230403	19:45:17	3bb4b134-f0a5-407a-bed4-34c41c6c6b1d	Error: User not found	POST	/login	http://localhost:3000
20230403	19:54:04	f9c6ac8f-1f8b-47a6-999d-c32da8e18929	TypeError: UserCredentials.findById(...).exec(...).lean is not a function	POST	/login	undefined
20230403	19:58:37	7b100a08-9735-4f8a-90c6-5efa51c160de	Error: Cannot set headers after they are sent to the client	POST	/login	http://localhost:3000
20230403	23:57:15	777bcdcf-edea-4e58-a114-659b02043823	ValidationError: ClientInformation validation failed: fullname: Cannot create property 'lastIndex' on string '[A-Za-z]', city: Cannot create property 'lastIndex' on string '[A-Za-z]', state: Cannot create property 'lastIndex' on string '[A-Z]', zipcode: Cannot create property 'lastIndex' on string '[0-9]'	POST	/profile-management	undefined
20230404	00:11:32	d9fdf3aa-ff93-4ad9-9b37-62f72adb1c7f	SyntaxError: Unexpected non-whitespace character after JSON at position 46	PATCH	/profile-management	undefined
20230404	00:11:42	f222bb5c-9d27-484e-a229-365979a2666c	SyntaxError: Unexpected non-whitespace character after JSON at position 41	PATCH	/profile-management	undefined
20230404	03:21:14	05a0e2b9-fa4f-4e67-a47b-1e76a87b8674	ValidationError: FuelQuote validation failed: totalAmountDue: Path `totalAmountDue` is required., suggestedPrice: Path `suggestedPrice` is required., deliveryDate: Path `deliveryDate` is required., deliveryAddress: Path `deliveryAddress` is required., gallonsRequested: Path `gallonsRequested` is required.	POST	/new-fuel-quote	undefined
20230404	03:24:42	f57c78ce-205b-4ac3-aff0-4cff3de2dfa1	ValidationError: FuelQuote validation failed: deliveryDate: Path `deliveryDate` is required., gallonsRequested: Path `gallonsRequested` is required.	POST	/new-fuel-quote	undefined
20230404	03:28:47	52769946-2f7f-4318-aa18-06eac3104b1e	ValidationError: FuelQuote validation failed: total_amount_due: Path `total_amount_due` is required.	POST	/new-fuel-quote	undefined
20230404	03:30:54	3246aecb-8230-4258-b619-800e3208d378	ValidationError: FuelQuote validation failed: delivery_date: Cast to date failed for value "2023-6-26T07:46:36.611Z" (type string) at path "delivery_date"	POST	/new-fuel-quote	undefined
20230404	04:08:21	44fb146e-5042-4252-bd81-81b0844b3cfd	ReferenceError: delivery_address is not defined	POST	/new-fuel-quote	undefined
20230404	04:08:49	d875d993-0160-49f4-aae5-c90f175744f7	ReferenceError: delivery_address is not defined	POST	/new-fuel-quote	undefined
20230404	04:14:00	fafd0300-cfde-4d9d-af31-3533fcbfa691	ReferenceError: Cannot access 'delivery_address' before initialization	POST	/new-fuel-quote	undefined
20230404	04:15:11	4ac01609-cbb2-4372-9cd9-c1bfd6d44edf	ReferenceError: Cannot access 'delivery_address' before initialization	POST	/new-fuel-quote	undefined
20230404	04:19:32	4f0969d5-97ab-40f0-8102-02d3bcea86e3	ReferenceError: Cannot access 'delivery_address' before initialization	POST	/new-fuel-quote	undefined
20230404	14:32:21	7ef2ef47-6ad4-41f8-b232-07f032aea136	TypeError: DeliveryAddress is not a constructor	POST	/new-fuel-quote	undefined
20230404	14:33:24	ba9667ce-2aeb-4de0-af82-45efbd72ccd3	TypeError: DeliveryAddress is not a function	POST	/new-fuel-quote	undefined
20230404	14:35:36	339ec2c3-892a-4133-8c35-50c57fc493a5	TypeError: Cannot read properties of undefined (reading 'create')	POST	/new-fuel-quote	undefined
20230404	14:36:55	8b1dd869-7b25-48eb-84c8-3864c4d692bf	TypeError: Cannot read properties of undefined (reading 'create')	POST	/new-fuel-quote	undefined
20230404	14:42:25	e8a3bf80-b3fb-4577-9fd6-9815cee58b2f	TypeError: Cannot read properties of undefined (reading 'create')	POST	/new-fuel-quote	undefined
20230404	17:30:29	b078f236-07dd-4477-99de-40e1f5e253f0	Error: Cannot set headers after they are sent to the client	POST	/login	http://localhost:3000
20230404	17:30:34	637f3273-dbdb-4007-94eb-3379aea177f8	Error: Cannot set headers after they are sent to the client	POST	/login	http://localhost:3000
20230404	23:39:18	9b58e311-b207-46b9-acbc-1239246ac76b	ReferenceError: profile is not defined	POST	/login	undefined
20230404	23:43:28	298608ac-d834-4339-a628-241e683f5cb8	CastError: Cast to ObjectId failed for value "{ id: new ObjectId("642c80d523465e20016037f2") }" (type Object) at path "_id" for model "ClientInformation"	POST	/login	undefined
20230404	23:49:01	eba17afb-5612-4216-ab87-a3d568f70b6c	CastError: Cast to ObjectId failed for value "{ user_credentials: new ObjectId("642c80d523465e20016037f2") }" (type Object) at path "_id" for model "ClientInformation"	POST	/login	undefined
20230405	06:38:00	33147209-5d32-44c6-a944-0cdc004dd975	ValidationError: FuelQuote validation failed: user_credentials: Cast to ObjectId failed for value "42d4db520b8e661d697e443" (type string) at path "user_credentials" because of "BSONError"	POST	/new-fuel-quote	undefined
20230405	06:38:46	d0d9ba58-f6d9-4dbf-9b11-71d734db2039	ValidationError: FuelQuote validation failed: user_credentials: Cast to ObjectId failed for value "42d4db520b8e661d697e443" (type string) at path "user_credentials" because of "BSONError"	POST	/new-fuel-quote	undefined
20230405	06:39:03	24321eec-85bd-46ea-89a5-86341d8060d3	ValidationError: FuelQuote validation failed: user_credentials: Cast to ObjectId failed for value "42d4db520b8e661d697e443" (type string) at path "user_credentials" because of "BSONError"	POST	/new-fuel-quote	undefined
20230405	06:40:56	85ffe2b9-02e7-4ed7-b46e-f042023cdb92	ValidationError: FuelQuote validation failed: user_credentials: Cast to ObjectId failed for value "42d4db520b8e661d697e443" (type string) at path "user_credentials" because of "BSONError"	POST	/new-fuel-quote	undefined
20230405	06:41:58	1d6dc1cb-313b-494a-9091-3c3b713eed6f	SyntaxError: Expected double-quoted property name in JSON at position 52	POST	/new-fuel-quote	undefined
20230405	13:25:33	36662f25-8298-4024-88c3-92d1dbbbbfd2	ReferenceError: state is not defined	PUT	/profile-management	undefined
