20230401	01:30:13	10b79bc2-4a1e-4eee-a929-e7981de2b75f	GET	/	undefined
20230401	01:30:13	f78e3011-b3e9-4881-89c1-912bc1c246a0	GET	/css/style.css	undefined
20230401	01:30:13	c144b9c8-55e1-4159-8355-71c15a8627a9	GET	/apple-touch-icon-precomposed.png	undefined
20230401	01:30:13	5c1c0cac-103d-415b-91c9-9f68f1ebbe5a	GET	/favicon.ico	undefined
20230401	01:30:13	341245d5-4738-4c97-bf82-e0f1a0a5803c	GET	/apple-touch-icon.png	undefined
20230401	01:30:18	453b4da3-2907-41c2-8322-48d39c606e7e	GET	/	undefined
20230401	01:30:18	4b5b2428-161a-4eea-b375-0bf6fd2b1233	GET	/css/style.css	undefined
20230401	01:30:20	89f4f9b5-714d-44e2-ac18-9938e00375c7	GET	/login	undefined
20230401	01:41:59	78c1d97e-d49b-4e38-9f8f-d63150af6b83	GET	/	undefined
20230401	01:42:25	a3800229-cd6d-4881-bc19-dabd54a2123d	GET	/	undefined
20230401	01:43:26	ee4cbc49-a950-4542-8e99-1bcd3592211b	GET	/	undefined
20230401	01:43:49	3193bf8b-f71d-4571-bf7e-bdd7f226f500	GET	/	undefined
20230401	01:43:59	0d5a5e24-d2ea-453a-a8fb-f7f1c050e7e1	GET	/	undefined
20230401	01:44:29	f8a02f3a-bb84-4fa2-9cde-89fb0ac8ffea	GET	/	undefined
20230401	01:46:05	02918cd0-ab44-4beb-8d8b-8aa64bd8ddc8	GET	/	undefined
20230401	01:46:37	5e3bb485-b65b-42f8-bc2d-80385af09c38	GET	/	undefined
20230401	01:49:18	6eea736c-b3d7-4eb6-87f4-3b45b0c13835	GET	/	undefined
20230401	01:49:32	82b3dad5-5ffd-4909-b03a-806440c08384	GET	/	undefined
20230401	01:50:58	15872f5f-375f-420f-9063-705f4d8f6705	GET	/	undefined
20230401	01:53:44	2695464a-5a6f-4af5-8688-6c5450076883	GET	/	undefined
20230401	01:53:44	d4d49147-f129-4a66-b681-6c8bc12430f8	GET	/css/style.css	undefined
20230401	01:53:44	eeecf703-3ca2-4459-9b31-8eb80bdf4ad2	GET	/favicon.ico	undefined
20230401	01:54:54	b9544d6a-0890-4450-97cd-607aa66f47d4	GET	/	undefined
20230401	01:56:45	ee397bfe-41de-4911-aaaa-da57f00b6413	GET	/	undefined
20230401	02:57:51	c939e141-86d4-42d7-bb50-2c2790438242	GET	/	undefined
20230401	02:57:51	1b0642e6-0912-4274-bb05-75658f381807	GET	/css/style.css	undefined
20230401	02:57:51	970728d4-3159-4c83-99d5-d668350150c9	GET	/favicon.ico	undefined
20230401	03:24:31	933a94c0-9507-4cb6-8086-ee72b77eeddf	GET	/	undefined
20230401	03:24:31	215f4365-bf46-4394-abd4-fbc09c9676fb	GET	/css/style.css	undefined
20230401	03:25:20	7d0a1caa-5dc4-4c1a-9ba4-ffb742b3f155	GET	/	undefined
20230401	03:25:20	89adb7c4-10b6-47d1-aeda-bfd6a20e8a34	GET	/css/style.css	undefined
20230401	03:25:21	2c342e33-bf35-494a-ab72-947dbaffd6a4	GET	/login	undefined
20230401	03:25:21	0748b054-79ff-4993-8c4a-1ba18889b76a	GET	/css/style.css	undefined
20230401	03:31:02	f01b7967-5f18-4f8a-b86d-9533c9f1d65e	GET	/	undefined
20230401	03:31:02	aba5ca8b-98fb-4dd5-93cd-63b7d93f8f47	GET	/css/style.css	undefined
20230401	03:31:04	99a259d4-369d-4e12-9a5f-453ea0009cd4	GET	/login	undefined
20230401	03:31:04	df9d913d-1cfc-4194-aae0-ebc9725cddc8	GET	/css/style.css	undefined
20230401	03:39:12	b958881b-5990-4805-80e9-861959c169b8	GET	/	undefined
20230401	03:39:12	42891208-b417-4c3b-a8ee-7fdcf436fb81	GET	/css/style.css	undefined
20230401	03:39:16	83746e20-74fb-4534-9c49-a23e796e04cd	GET	/views/login	undefined
20230401	03:39:16	1d09312f-af8a-4144-9e21-ebefa8d92470	GET	/css/style.css	undefined
20230401	03:56:14	e32aabf8-fffd-4995-9db8-b8ff356bddba	GET	/	undefined
20230401	03:56:14	c25bbe25-a88f-4001-a5ef-fe77495a0103	GET	/css/style.css	undefined
20230401	03:56:17	f0cd9cf1-aa77-474b-bc69-97f0c31c636e	GET	/login	undefined
20230401	03:56:17	9afba9b1-8ea5-4d41-a502-194e3d06b2b1	GET	/css/style.css	undefined
20230401	03:56:23	0c41877a-3127-4bd9-9fe4-2834b009bfce	GET	/	undefined
20230401	03:56:23	290abfbf-2c29-4250-bffe-545774c251da	GET	/css/style.css	undefined
20230401	03:56:24	8d0ecf23-848c-4a64-8ba3-5e55cd3b2f24	GET	/register	undefined
20230401	03:56:24	6c4c9441-5544-408e-84e2-bc23613db223	GET	/css/style.css	undefined
20230401	03:56:28	938a8ad5-a4ca-4c93-a682-6a8de64534fe	GET	/	undefined
20230401	03:56:28	8fdd59c9-0a5d-4384-b64b-651201e36f97	GET	/css/style.css	undefined
20230401	03:56:30	caf837da-aaf3-4850-9cd7-3eaba1c8e47a	GET	/users	undefined
20230401	03:56:30	753f19eb-4d25-499e-830d-cf8ccf4b9a66	GET	/css/style.css	undefined
20230402	14:05:23	ced8eb95-98fc-4e44-a55e-4d104d5ae26f	GET	/users	undefined
20230402	14:06:42	7be09836-08dc-4251-8f39-070e151689a8	DELETE	/users	undefined
20230402	14:06:59	cfd211c5-8e54-4921-aed7-0266a8938950	DELETE	/users	undefined
20230402	16:35:33	968a4b27-d422-40ab-b105-ad1ffb986cb6	GET	/users	undefined
20230402	16:36:03	887a7803-afac-4c07-b24a-aed75a1f6135	POST	/users	undefined
20230402	16:36:12	129c51b9-c22a-4fa4-976f-e4482de91879	GET	/users	undefined
20230402	19:10:22	d4667e25-17bc-4da9-b1cf-85060970d7fd	GET	/	undefined
20230402	19:10:56	80192b30-fc68-4805-9ab3-56d066f1b0d1	GET	/users	undefined
20230402	19:11:28	3614fc90-6fa7-4e2f-82f9-a731adf18f87	GET	/users	undefined
20230402	19:21:37	63ddcb0d-45a5-4d99-bf7d-fd91d74c34ee	POST	/users	undefined
20230402	19:21:45	6c67b769-64e5-46d2-9971-ed691eafb9dd	POST	/users	undefined
20230402	19:21:59	c064ae74-e72e-4901-a635-ebf5c8413969	GET	/users	undefined
20230402	19:44:06	fc1baf72-16a7-43db-bb51-92754216e733	GET	/users	undefined
20230402	19:44:13	15f90001-a6e9-4ef6-8078-d6ae90c34713	GET	/users	undefined
20230402	19:44:24	8acf94f6-1fc6-4a41-acc5-9bfcf04196bc	GET	/users	undefined
20230402	19:44:31	efb4b0c1-0bb1-4656-afd1-71b6b533173e	POST	/users	undefined
20230402	19:44:36	2cc1b786-a3c4-4186-a542-5f2078c9c512	GET	/users	undefined
20230402	19:44:48	4dba952c-4a60-4457-b23b-03445c552f18	GET	/users	undefined
20230402	19:44:52	b980d9a4-f9e3-416c-9234-5722248b9c04	POST	/users	undefined
20230402	19:44:55	4628808b-1dd6-41d2-87ee-4c4ee388072e	GET	/users	undefined
20230403	17:01:02	fa8f51b8-6baf-4399-8d36-d87181cb3832	GET	/user	undefined
20230403	17:01:13	16659139-49e0-4a88-b8ad-da85d3ed17d7	GET	/users	undefined
20230403	17:01:37	256f5026-e1ad-40d3-a463-c91189de0302	GET	/users	undefined
20230403	17:28:07	74e17d2d-00f3-4d28-a720-fd0b54792d23	GET	/login	undefined
20230403	17:29:05	016815ef-cf9b-4816-8ef0-8a2b19e067ba	GET	/login	undefined
20230403	17:29:11	4f42bc05-f8c7-4665-a35f-44948e7f1b9d	GET	/login	undefined
20230403	17:44:20	38fff070-55ab-40fa-b605-d9afd914acbb	POST	/login	http://localhost:3000
20230403	17:45:12	b3b80eef-3f35-461c-b6d2-a188e2fe6034	POST	/login	http://localhost:3000
20230403	17:45:23	c3ddb0bb-7a0b-42f9-83c2-4583aba37dcf	POST	/login	http://localhost:3000
20230403	17:45:28	4f0fef77-30d8-4d4c-8c36-91e5c3a58105	POST	/login	http://localhost:3000
20230403	17:45:38	dd4fe03f-4274-496f-bcc8-d577bab607af	POST	/login	http://localhost:3000
20230403	17:47:08	31122264-b07b-4a63-a97f-4aae4e7f3d0f	POST	/login	http://localhost:3000
20230403	17:54:19	8e576984-a87b-431a-904f-f6fce4593898	POST	/login	http://localhost:3000
20230403	17:54:32	cc6cf495-0cf0-4ceb-b4e8-4e95abbcff35	GET	/login	undefined
20230403	17:54:32	e9644b01-14fb-446f-a0b5-bc273a3a6a86	GET	/css/style.css	undefined
20230403	17:54:32	b6e88d04-029b-4d19-81b4-6db5b84341a1	GET	/favicon.ico	undefined
20230403	17:55:21	bc7c7a7e-53c6-4672-abed-8017593c9df8	POST	/login	http://localhost:3000
20230403	17:56:01	e484c16e-1314-4e2b-af68-736284a02f90	POST	/login	http://localhost:3000
20230403	17:57:22	43746e4c-c03a-4f86-a382-5c4bf0d5c22b	POST	/login	http://localhost:3000
20230403	17:59:47	01059e7b-f665-4ac9-87fe-f9e165f81892	OPTIONS	/login	http://localhost:3000
20230403	17:59:47	730a34c4-602c-4c5e-beec-8aecb1ca09a8	POST	/login	http://localhost:3000
20230403	18:11:27	62101025-5aa4-4367-9472-9cd7f05f7c0e	POST	/register	undefined
20230403	18:11:51	58d91626-22ba-4581-824b-79589cc05ed7	POST	/register	undefined
20230403	18:11:59	65cbdb7e-4597-4079-bb51-79c10a982538	POST	/register	undefined
20230403	18:15:02	b13f49c5-d127-4aa1-aa5d-a4289707d223	POST	/register	http://localhost:3000
20230403	18:16:10	6382ae94-0ac3-48c3-8cc1-1e026bd45fea	OPTIONS	/register	http://localhost:3000
20230403	18:16:10	5697c564-32cd-4106-a882-12dcecc31990	POST	/register	http://localhost:3000
20230403	18:16:32	46577a2a-a5a2-47d0-931e-45ea0e5f609a	OPTIONS	/login	http://localhost:3000
20230403	18:16:32	dec5e5fa-f67e-4163-9568-a71c4cc465da	POST	/login	http://localhost:3000
20230403	18:51:19	c10f154c-59d6-4bf4-96d6-21f62c3a7c23	OPTIONS	/login	http://localhost:3000
20230403	18:51:19	e0ba3d48-493c-4301-90e3-de0958e7e267	POST	/login	http://localhost:3000
20230403	18:51:43	dba60251-0013-41c2-85a3-ffec9b302dec	OPTIONS	/login	http://localhost:3000
20230403	18:51:43	989d713b-bf70-40fc-a616-5f70a3ddafb0	POST	/login	http://localhost:3000
20230403	18:51:47	d52d076e-7679-46c8-b262-6237100c6887	POST	/login	http://localhost:3000
20230403	18:52:09	d264173c-4d19-43c4-a646-c46830733734	OPTIONS	/register	http://localhost:3000
20230403	18:52:09	bf6752bf-8e02-462b-b711-deee0ec472c9	POST	/register	http://localhost:3000
20230403	18:52:54	34758879-3003-4eda-9040-a2b648470403	OPTIONS	/login	http://localhost:3000
20230403	18:52:54	87ad3525-b396-4430-a548-6b810e7fa0e4	POST	/login	http://localhost:3000
20230403	18:53:14	506a3bc3-1453-4cd5-a997-7dce16965a0a	OPTIONS	/login	http://localhost:3000
20230403	18:53:14	80dffd0e-74f3-438f-a209-83a705a97e0d	POST	/login	http://localhost:3000
20230403	18:55:10	febb6c44-8cc6-481b-8339-7b87c1e292f2	POST	/login	undefined
20230403	19:02:48	c5121b63-a2aa-4aa5-a04f-708677bcec4c	OPTIONS	/login	http://localhost:3000
20230403	19:02:48	6bc91bb1-6591-4cab-84fe-2791569435f0	POST	/login	http://localhost:3000
20230403	19:02:53	21f6fc8d-5de7-4170-813a-cfb76d6b7b17	POST	/login	http://localhost:3000
20230403	19:10:11	2285233b-9c00-45ab-82c5-e13b17fa3080	POST	/login	undefined
20230403	19:10:21	873cd5f6-cb10-42ec-9d77-294c74194c0c	POST	/login	undefined
20230403	19:10:29	f9d374bf-0c2f-4b10-b1aa-b88a63b0b3a5	POST	/login	undefined
20230403	19:10:42	5a8c5d0b-0d49-4bfb-9a13-64a34ab06832	POST	/login	undefined
20230403	19:10:46	edc06fc9-6939-4cbb-ac9c-5146c0c0832f	POST	/login	undefined
20230403	19:11:13	5f247417-a733-4c65-8b15-a2c70c25c4f1	POST	/register	undefined
20230403	19:45:17	e42ca7f5-3e3a-4f48-8c4a-4f9796fb3b10	OPTIONS	/login	http://localhost:3000
20230403	19:45:17	665fb6c3-30d1-43f0-a4b0-b5ed1cbf6052	POST	/login	http://localhost:3000
20230403	19:53:35	eb83cc12-d8d6-4ebc-848e-b6ad9b2300d6	GET	/login	undefined
20230403	19:53:42	79b5edd6-1c76-447c-bccb-d8b084132895	POST	/login	undefined
20230403	19:54:04	69a40091-e949-44cf-9bbb-8b699e94973b	POST	/login	undefined
20230403	19:54:35	e1885522-8a16-4045-a1fc-825e48886872	POST	/login	undefined
20230403	19:56:10	65743598-0aef-417c-b976-5bdb0b39e042	POST	/login	undefined
20230403	19:56:15	934dfc8e-679d-4707-a04e-15ca6b85b55c	POST	/login	undefined
20230403	19:56:35	809c759b-d6ec-44a8-8340-ec9a1340ad62	POST	/login	undefined
20230403	19:57:18	8791588f-eaf2-49ea-9637-5a5a267d16bb	POST	/login	undefined
20230403	19:57:22	a6ed6307-dd50-40b8-9bdb-fd274fcc3401	POST	/login	undefined
20230403	19:58:25	73efc170-a14a-4177-9497-30682d04c088	OPTIONS	/login	http://localhost:3000
20230403	19:58:25	056d63f6-1f03-4046-bcc0-c65d5639631b	POST	/login	http://localhost:3000
20230403	19:58:37	ee67b913-5eb6-4e7b-b075-b7a71f7c06c2	OPTIONS	/login	http://localhost:3000
20230403	19:58:37	11a58698-3e8d-48bc-ba02-098bb552c32e	POST	/login	http://localhost:3000
20230403	19:58:43	2f1c8482-a6d7-46a2-b0b7-2c7ef1fbfa3a	OPTIONS	/login	http://localhost:3000
20230403	19:58:43	9ccd298c-6325-442b-a79a-77db20e446bc	POST	/login	http://localhost:3000
20230403	20:09:19	a1aa9b9b-0447-4524-addc-e0beada9a7ad	POST	/login	undefined
20230403	20:09:23	3e28c421-713f-4e5e-a4bc-ccd3c683c44e	POST	/login	undefined
20230403	20:14:56	b3f5b0c0-8b7e-40c2-9f43-013dd057431c	POST	/login	undefined
20230403	20:15:01	12638e01-aa40-4559-b7c5-639e33e72462	POST	/login	undefined
20230403	23:57:04	4bee5246-8cd8-4286-970b-22013fae8f11	POST	/progile-management	undefined
20230403	23:57:15	3cd203ca-14e4-4f64-8a63-cb78a633e5e5	POST	/profile-management	undefined
20230403	23:58:39	cbe9cde4-2f33-4966-8c89-ce0b35a13852	POST	/profile-management	undefined
20230404	00:04:16	9823c998-1854-4095-b754-f784ce545390	POST	/profile-management	undefined
20230404	00:05:59	f46678b3-ad98-498b-9f76-5ba1a2f9cf52	POST	/profile-management	undefined
20230404	00:09:35	768d3f8d-9c4e-4dd8-a84b-7d46a510d87b	POST	/profile-management	undefined
20230404	00:09:48	2c4688b8-9920-4e3d-832e-a154c81a409e	PATCH	/profile-management	undefined
20230404	00:11:32	b5b8e6c6-7360-4bf4-8d74-36e6ce0048c5	PATCH	/profile-management	undefined
20230404	00:11:42	9cd98596-769c-4878-b97b-4070b620e31e	PATCH	/profile-management	undefined
20230404	00:11:50	6bbabd2b-db0b-47e3-aabf-9337f52ea088	PATCH	/profile-management	undefined
20230404	00:17:23	c74b6755-6360-4ef5-8750-5387c50e80f0	PATCH	/profile-management	undefined
20230404	00:17:55	28029538-aa56-435f-974b-b6c144ec4592	PATCH	/profile-management	undefined
20230404	00:18:25	6f875e75-d901-41cc-9f1a-7a9cd3a185d5	PATCH	/profile-management	undefined
20230404	00:18:39	e39529c3-7ead-48ed-ae56-0fa5d6007167	PATCH	/profile-management	undefined
20230404	00:20:10	9ce27175-b84e-4b79-b7c0-3d3782770998	PATCH	/profile-management	undefined
20230404	01:59:28	2ae426da-aeef-405f-b817-f09bf6a75a41	PATCH	/profile-management	undefined
20230404	01:59:34	9eccd466-636f-48b0-a424-fa7295cd04ec	PATCH	/profile-management	undefined
20230404	01:59:47	099faf59-796e-4cae-abd5-a0bbbb0b9e17	PATCH	/profile-management	undefined
20230404	03:21:14	6662237b-160a-4ad3-89ec-0d20c1b33aad	POST	/new-fuel-quote	undefined
20230404	03:24:42	3f722c16-5e34-4483-8790-3c29cb64ea18	POST	/new-fuel-quote	undefined
20230404	03:25:16	56b8e1b6-290f-4bcb-b3fa-df3b07fee3fa	POST	/new-fuel-quote	undefined
20230404	03:25:41	5a7f539a-ddad-453b-aa4f-5121bfc3d3ce	POST	/new-fuel-quote	undefined
20230404	03:26:20	14c515cc-4b15-49bb-950c-6746d648f2c5	POST	/new-fuel-quote	undefined
20230404	03:28:37	f7aa4734-1533-4454-95a4-cc67aa53e4ce	POST	/new-fuel-quote	undefined
20230404	03:28:47	a1193df8-1f6c-45c9-95c5-986cbb76f5b4	POST	/new-fuel-quote	undefined
20230404	03:29:17	94145934-2e9e-4d53-a5df-0a12a951605d	POST	/new-fuel-quote	undefined
20230404	03:30:54	95bd8e71-f747-4845-af8e-82932a7e7642	POST	/new-fuel-quote	undefined
20230404	03:31:49	6b8070af-f35a-411c-bee2-d934975d0fd6	POST	/new-fuel-quote	undefined
20230404	04:08:21	2f545978-9df5-460f-a6c3-41017070df7a	POST	/new-fuel-quote	undefined
20230404	04:08:49	a1438a51-34d4-4aec-985c-b5e9e0cd584e	POST	/new-fuel-quote	undefined
20230404	04:14:00	437a7b02-345d-4461-8c2e-7630e024cf38	POST	/new-fuel-quote	undefined
20230404	04:14:46	4efa38c1-43f4-4fb9-af08-f24d8bc7d4dd	POST	/new-fuel-quote	undefined
20230404	04:15:11	21f89581-0691-4fe2-83d4-006762205a66	POST	/new-fuel-quote	undefined
20230404	04:19:32	d8cd1dfc-4eb9-4a7f-8091-52440f70d533	POST	/new-fuel-quote	undefined
20230404	13:52:51	6266d010-2b8e-42ed-9302-381d2b4d65f2	OPTIONS	/login	http://localhost:3000
20230404	13:52:51	42d78df3-1719-4301-b65f-29a8721acdc7	POST	/login	http://localhost:3000
20230404	14:32:21	05f7fe7d-652e-4d70-b904-15fe8869e268	POST	/new-fuel-quote	undefined
20230404	14:33:24	182f891d-c410-45ae-a0a0-9a280779c09b	POST	/new-fuel-quote	undefined
20230404	14:35:36	c8ca08e2-48ef-46f5-b121-3abccc6ebcd9	POST	/new-fuel-quote	undefined
20230404	14:36:55	e97611e0-ac06-4a5b-8fd1-82b596daa08c	POST	/new-fuel-quote	undefined
20230404	14:42:25	31db0bda-3310-403a-be3d-090d0a417ff5	POST	/new-fuel-quote	undefined
20230404	14:43:23	577f439a-219f-42f8-8d8b-f717326fb0ef	POST	/new-fuel-quote	undefined
20230404	14:53:30	69aa5d66-3c8e-4e83-96fd-c64bd71c32da	POST	/login	undefined
20230404	14:55:12	4ed9272d-63cc-4267-8bee-9e9865a2bb0a	PATCH	/login	undefined
20230404	14:55:25	35c91448-137a-49ed-8360-12c496dae743	PATCH	/register	undefined
20230404	14:56:05	f267a171-dfba-46cc-93fc-a1c83efb9f27	POST	/register	undefined
20230404	14:56:47	3706510b-33b7-4bd2-a3b5-5f5dc09f8fbb	POST	/login	undefined
20230404	15:01:24	4fd28dcb-0acb-4dd8-bbde-fba696db6998	POST	/profile-management	undefined
20230404	15:03:07	c1032edc-368c-4b26-b50d-4517c1c09469	PATCH	/profile-management	undefined
20230404	15:05:45	e1261e58-a9ea-48bc-a8d0-7f4d0ab03fec	PATCH	/profile-management	undefined
20230404	15:14:34	2152009b-1c5a-408c-b7d5-51d05c360c3c	PUT	/profile-management	undefined
20230404	15:18:42	86b39bb0-ee88-4688-8a50-f94eeaa97043	POST	/new-fuel-quote	undefined
20230404	16:21:39	76f5dbca-382e-4f3d-a3f3-ce02967bd352	POST	/login	undefined
20230404	16:24:26	7980cf4f-3092-42c5-83ef-5a234a4cb1cc	POST	/login	undefined
20230404	16:26:06	b7643f93-1a76-4872-ac6b-041c2a775526	POST	/login	undefined
20230404	16:27:53	330bdf26-de90-474c-90eb-7ced8f99a65a	OPTIONS	/login	http://localhost:3000
20230404	16:27:53	cffdeb0d-1696-4009-8876-2f7d4d49eb9c	POST	/login	http://localhost:3000
20230404	16:29:44	96358dab-aaf8-4b54-9560-8593b210b15e	OPTIONS	/login	http://localhost:3000
20230404	16:29:44	4a90c273-f9a1-4d2c-85ba-47afb2ce7355	POST	/login	http://localhost:3000
20230404	16:31:19	40e77492-5f95-4227-aaf6-4e2f2d35ae66	OPTIONS	/login	http://localhost:3000
20230404	16:31:19	684d6146-7eed-458e-812a-575e182d2bf9	POST	/login	http://localhost:3000
20230404	16:31:56	d5085af0-d5a6-4291-b342-3198ca09eb7c	OPTIONS	/login	http://localhost:3000
20230404	16:31:56	c7cd0a6f-ffcb-4e25-988c-da8d10f88dbb	POST	/login	http://localhost:3000
20230404	16:32:21	abfea75c-2c9c-4c5c-a6f5-35634351b261	OPTIONS	/login	http://localhost:3000
20230404	16:32:21	599efdc9-736a-4fdd-9e1b-1ce9bbac3df7	POST	/login	http://localhost:3000
20230404	16:35:13	a18673f4-8210-4a16-b2c1-7aa6346d6f1e	OPTIONS	/login	http://localhost:3000
20230404	16:35:13	f2e2b6d8-2022-420a-96a5-145b87f56ebb	POST	/login	http://localhost:3000
20230404	16:42:06	fb43694c-338c-494a-910d-6887da7ef302	OPTIONS	/login	http://localhost:3000
20230404	16:42:06	d50207a4-f478-493d-ae81-0e55cde44ac2	POST	/login	http://localhost:3000
20230404	16:47:15	e85aeebe-2664-4e07-861a-c1ce341be104	OPTIONS	/login	http://localhost:3000
20230404	16:47:15	f1f37f97-1527-4442-b2fd-445a2dfdbddd	POST	/login	http://localhost:3000
20230404	16:48:55	321eb6ad-b316-42ef-868c-6cf1d3d880ba	OPTIONS	/login	http://localhost:3000
20230404	16:48:55	8adce017-fdaa-4646-a08a-24c2c6ae1bfd	POST	/login	http://localhost:3000
20230404	17:22:52	d5948915-458a-4dc0-ac03-4a61d914f206	OPTIONS	/login	http://localhost:3000
20230404	17:22:52	944f09ee-e773-43b6-a4ae-a56656799cc6	POST	/login	http://localhost:3000
20230404	17:30:29	db1e09fe-b70d-46ba-916e-e5606e30ba33	OPTIONS	/login	http://localhost:3000
20230404	17:30:29	158185c4-22ac-467d-b03f-04c55b666b97	POST	/login	http://localhost:3000
20230404	17:30:34	cfa2e599-03d8-4684-b6d7-c85dd976a1e9	OPTIONS	/login	http://localhost:3000
20230404	17:30:34	01e6e492-b7d3-41d3-b83c-539b691f7cb4	POST	/login	http://localhost:3000
20230404	17:30:44	6d912dbb-4821-4e2e-bc22-ccbee9173b85	OPTIONS	/login	http://localhost:3000
20230404	17:30:44	306e3301-8b4b-452c-8407-5f924109485a	POST	/login	http://localhost:3000
20230404	18:31:13	46cd2565-547d-43c4-b2a8-5e7e81aa8cc0	OPTIONS	/login	http://localhost:3000
20230404	18:31:13	48ed9c5f-15b5-45a5-9dc7-dc8dd89ca735	POST	/login	http://localhost:3000
20230404	18:33:40	1fa04cee-5d6e-4208-9954-0648f56ec533	OPTIONS	/login	http://localhost:3000
20230404	18:33:40	d42c4679-0ce2-40e4-bb37-73ef6a413ba3	POST	/login	http://localhost:3000
20230404	18:35:49	73410a82-3e99-4911-be54-65f80e1142af	OPTIONS	/login	http://localhost:3000
20230404	18:35:49	4723e326-33dd-49f8-8383-d93e2cb2945e	POST	/login	http://localhost:3000
20230404	18:45:16	05f2b499-14df-46bc-b452-391a618e3408	OPTIONS	/login	http://localhost:3000
20230404	18:45:16	3f99cabe-e435-48bf-8fce-6dd2faac7c8d	POST	/login	http://localhost:3000
20230404	19:12:03	f189886a-f6a7-4241-97b9-c79c50e41dd9	OPTIONS	/login	http://localhost:3000
20230404	19:12:03	0438caff-40fc-4287-97ff-16d8ca35f12b	POST	/login	http://localhost:3000
20230404	19:17:01	4a8e8d0f-7d9c-4c7a-ac72-539564b8d6b9	OPTIONS	/login	http://localhost:3000
20230404	19:17:01	cb790b15-b5fb-4626-9b20-25e985a4b6cd	POST	/login	http://localhost:3000
20230404	19:17:26	4f30fbf3-dfd5-4822-a580-456583aabc7a	OPTIONS	/profile-management	http://localhost:3000
20230404	19:17:26	9f8a522a-fb9b-4b0a-a740-10f1eaf9de14	POST	/profile-management	http://localhost:3000
20230404	19:23:03	1d0796fe-2f35-48ef-9170-3f6ffaecdf93	OPTIONS	/login	http://localhost:3000
20230404	19:23:03	24dee881-5ab7-4a8c-ad87-e5de67ad5162	POST	/login	http://localhost:3000
20230404	19:23:40	043e626d-ebd6-4c4e-a638-8586fe0fb7b2	OPTIONS	/login	http://localhost:3000
20230404	19:23:40	d5b987e4-2c5a-4a57-a153-a78854ae1cb4	POST	/login	http://localhost:3000
20230404	19:27:01	3bb74626-2d4d-42ff-9a67-1c17872b1527	OPTIONS	/login	http://localhost:3000
20230404	19:27:01	a13fa56b-6b57-4275-bb71-e2e053d2ae28	POST	/login	http://localhost:3000
20230404	19:28:19	97e8fff5-1b0d-4699-9569-15c3b47f4166	OPTIONS	/login	http://localhost:3000
20230404	19:28:19	99dbf5d3-b995-4a79-b1d4-8db47d478cd9	POST	/login	http://localhost:3000
20230404	19:28:48	75fedfd3-a73e-4445-92c8-2d701abaa35c	OPTIONS	/profile-management	http://localhost:3000
20230404	19:28:48	16c733ec-d39d-4ba7-98d5-fb610175f2d5	POST	/profile-management	http://localhost:3000
20230404	19:58:31	af3653c7-3dc1-4f7f-8e2e-af4c24e812ff	OPTIONS	/login	http://localhost:3000
20230404	19:58:31	7be91890-5644-4aec-b0f1-992da3c014b2	POST	/login	http://localhost:3000
20230404	19:59:37	f7fea5d4-6393-4dfa-9c23-22f01efb3851	OPTIONS	/register	http://localhost:3000
20230404	19:59:37	07274f7d-bb89-4ed2-a493-705117fdb28b	POST	/register	http://localhost:3000
20230404	20:01:21	0e24dc64-ebb5-4ec0-8894-c2a8c1d8528a	OPTIONS	/login	http://localhost:3000
20230404	20:01:21	76b0c751-28c9-40dd-a26e-5d56c2fd4f80	POST	/login	http://localhost:3000
20230404	20:02:06	b2b0f9c0-55e5-465e-b908-56aee288038d	OPTIONS	/profile-management	http://localhost:3000
20230404	20:02:06	2b2a5794-4245-417f-a58a-7d04b3a07ab7	POST	/profile-management	http://localhost:3000
20230404	20:08:43	74c4b560-5498-439b-bb38-4925842e538a	OPTIONS	/profile-management	http://localhost:3000
20230404	20:08:43	f9f622fd-86ca-4682-92f4-31a649cbc6e6	POST	/profile-management	http://localhost:3000
20230404	20:11:42	29c3255c-70e5-4cf7-b892-298dc0c401c8	OPTIONS	/profile-management	http://localhost:3000
20230404	20:11:42	57de2606-d801-46fd-b859-89d04f71b9d1	POST	/profile-management	http://localhost:3000
20230404	20:12:26	58b0954b-ba87-469b-8e0a-9b137b628797	OPTIONS	/profile-management	http://localhost:3000
20230404	20:12:26	fb2336be-44eb-4df8-9cf4-e9062c2e2f82	POST	/profile-management	http://localhost:3000
20230404	20:32:18	a85066e9-e10d-4f75-8424-90a8576c7293	OPTIONS	/profile-management	http://localhost:3000
20230404	20:32:18	a23a858e-9e13-4395-be6b-ed9f6812bc04	POST	/profile-management	http://localhost:3000
20230404	20:32:27	b88dfced-4f47-4329-b624-e989f6861663	OPTIONS	/profile-management	http://localhost:3000
20230404	20:32:27	f8ca0b85-2bcf-4096-a211-cf569f6d17fb	POST	/profile-management	http://localhost:3000
20230404	20:32:40	25465453-bcfe-404b-890b-cb449977f92d	OPTIONS	/profile-management	http://localhost:3000
20230404	20:32:40	fccceb4d-1723-425c-a0a1-3e5ac651191b	POST	/profile-management	http://localhost:3000
20230404	20:39:11	384906ab-58f2-4325-8b9f-c014f4782179	OPTIONS	/profile-management	http://localhost:3000
20230404	20:39:11	1e0f8d01-6cf2-476a-b51e-4b24b12adbc2	POST	/profile-management	http://localhost:3000
20230404	21:10:08	dc87cb77-4679-4378-a4c5-b2531bb110ff	OPTIONS	/login	http://localhost:3000
20230404	21:10:08	83fa2536-0713-40d5-afb0-777ddc58aa06	POST	/login	http://localhost:3000
20230404	21:11:11	b9daa176-a70d-4d74-842d-f72f38ce57c0	OPTIONS	/profile-management	http://localhost:3000
20230404	21:11:11	741db78a-dd79-4d75-b4ed-9afa1a3cc0e0	POST	/profile-management	http://localhost:3000
20230404	21:16:11	388a5eb7-a6d2-47de-9841-cb531ec3ce9a	OPTIONS	/login	http://localhost:3000
20230404	21:16:11	a310007d-b5ba-4f62-a1d9-8b8a39d6a2cd	POST	/login	http://localhost:3000
20230404	21:21:06	f493de28-8513-4c52-b2e2-8e24bfa89598	OPTIONS	/login	http://localhost:3000
20230404	21:21:06	23420494-a243-4a77-a39a-54506fe972ad	POST	/login	http://localhost:3000
20230404	21:23:56	0b65c906-e9c1-44cc-a8ca-cd912241267b	OPTIONS	/login	http://localhost:3000
20230404	21:23:56	01c05ed6-78bc-43db-9257-183c8010f467	POST	/login	http://localhost:3000
20230404	21:24:40	dc0e5ca6-b3e9-409f-8d07-c43451cd0c17	OPTIONS	/profile-management	http://localhost:3000
20230404	21:24:40	c531cfd9-e5ba-4437-9e41-8e5777bde9d3	POST	/profile-management	http://localhost:3000
20230404	21:26:25	ff5a706a-f5c8-40f1-94bf-b920ba3c106e	OPTIONS	/profile-management	http://localhost:3000
20230404	21:26:25	44bcaa1f-3892-4fa0-ac8a-fac48bf69496	POST	/profile-management	http://localhost:3000
20230404	21:36:15	176c8754-6706-4bb0-848d-39877e0a589c	OPTIONS	/profile-management	http://localhost:3000
20230404	21:36:15	6ea5a6fa-c56f-4c79-9cb5-611793affd95	POST	/profile-management	http://localhost:3000
20230404	21:38:15	b5dfedd0-49c4-4526-be23-c04699ed6f94	OPTIONS	/profile-management	http://localhost:3000
20230404	21:38:15	594d834c-4c32-45f3-b21d-17ca17c50ae7	POST	/profile-management	http://localhost:3000
20230404	21:39:22	91de8f93-f3dd-4a63-9204-6c0c4d2e6d75	OPTIONS	/profile-management	http://localhost:3000
20230404	21:39:22	8391998b-bbc6-4276-b20c-1b0e9a4c8553	PUT	/profile-management	http://localhost:3000
20230404	21:46:56	fd1f361b-9382-4153-bff8-7c6ad992372f	OPTIONS	/login	http://localhost:3000
20230404	21:46:56	6e70a05d-d903-4d4b-9827-2ee7d33f99a1	POST	/login	http://localhost:3000
20230404	21:47:25	689e4045-49cb-45ab-9bc1-646f20f842c6	OPTIONS	/register	http://localhost:3000
20230404	21:47:25	4431d391-67e5-491b-91f8-8054c6eb2e08	POST	/register	http://localhost:3000
20230404	21:47:50	b3653914-6d46-4815-91db-5f0baf34a6fa	OPTIONS	/login	http://localhost:3000
20230404	21:47:50	8c362158-30f9-4390-b5cb-0767f0c758dd	POST	/login	http://localhost:3000
20230404	21:49:02	d71d14c6-61ed-4b66-96be-9a72e188c369	OPTIONS	/profile-management	http://localhost:3000
20230404	21:49:02	2051d4fe-d67e-4599-8549-b66882d88280	PUT	/profile-management	http://localhost:3000
20230404	21:52:11	b6e1f6b9-41a5-4a1a-bce4-ecf7d034be5f	OPTIONS	/profile-management	http://localhost:3000
20230404	21:52:11	8063d57e-60dc-430e-acaa-afd98c18e9a0	PUT	/profile-management	http://localhost:3000
20230404	22:08:08	0f4bf38e-c600-49ad-b43f-7493567bc528	OPTIONS	/profile-management	http://localhost:3000
20230404	22:08:08	90593bb2-9d54-4455-804c-ff8c205dc26c	POST	/profile-management	http://localhost:3000
20230404	23:27:50	8c1f8195-a836-4297-8db6-c9f0b68e23da	OPTIONS	/login	http://localhost:3000
20230404	23:27:50	204adfe6-ed5d-4b9d-a90b-e2b573ddcc11	POST	/login	http://localhost:3000
20230404	23:39:18	2fcbf503-edb0-4358-8556-d8843c4f66ba	POST	/login	undefined
20230404	23:40:30	f5e36327-36ee-4d96-8368-fedac50a171b	POST	/login	undefined
20230404	23:43:28	76d0c04e-9e9f-4895-b97b-ccfca703bb0c	POST	/login	undefined
20230404	23:44:53	793cee69-b750-42e7-be2f-5e4715751553	POST	/login	undefined
20230404	23:46:09	dd0a7eac-20dd-492e-b12e-d1ad3d7824b1	POST	/login	undefined
20230404	23:49:01	b0ca439b-12bc-4708-b630-60de2ec5f638	POST	/login	undefined
20230404	23:49:18	9a3b965d-edfa-4f10-aea6-c4af45727525	POST	/login	undefined
20230404	23:52:30	3270f242-3cb0-4b96-9318-e98b6e2c9d0e	POST	/login	undefined
20230405	00:02:52	4e6c6296-74bb-4374-ad2a-33710d58eb26	OPTIONS	/login	http://localhost:3000
20230405	00:02:52	c7ac0478-864c-48d8-b893-a07fcfb0e9fe	POST	/login	http://localhost:3000
20230405	00:03:04	5a5c3698-c80b-4096-85d1-e12790b86890	OPTIONS	/register	http://localhost:3000
20230405	00:03:04	da38cdf8-c150-4893-865f-6b5e7a1f4d79	POST	/register	http://localhost:3000
20230405	00:03:13	2ea09053-41b3-4df4-8b12-e2780c4e62da	OPTIONS	/login	http://localhost:3000
20230405	00:03:13	a4652051-ccb4-441e-8b4d-1ea08b623260	POST	/login	http://localhost:3000
20230405	00:03:37	4055c57a-ed4e-4667-a337-03d7c0b5f3dc	OPTIONS	/login	http://localhost:3000
20230405	00:03:37	5895f3bd-1256-40be-a4e5-b35b83e37cf2	POST	/login	http://localhost:3000
20230405	00:04:13	24b5997a-220c-4270-8b58-c500c9a9da2d	OPTIONS	/login	http://localhost:3000
20230405	00:04:13	605fd119-b48b-44a4-ac99-6f4dc17502e4	POST	/login	http://localhost:3000
20230405	00:04:39	fb07be6a-8ee1-4057-9582-b59248a8a14b	OPTIONS	/login	http://localhost:3000
20230405	00:04:39	29f9ca93-3264-4e89-bea8-5d23c2a379c6	POST	/login	http://localhost:3000
20230405	00:05:33	d3ff713b-1cd5-4a7a-8976-8c0c6368864b	OPTIONS	/login	http://localhost:3000
20230405	00:05:33	c1c41e26-9146-4656-a249-9baec55eda0f	POST	/login	http://localhost:3000
20230405	00:05:44	8c4b2990-9aa9-409e-932a-a3791e04c8f9	OPTIONS	/login	http://localhost:3000
20230405	00:05:44	d9fab5e0-1ebb-45b2-989a-41993aa5df36	POST	/login	http://localhost:3000
20230405	00:06:38	5bdc4d73-d547-4b16-a6de-1b6827b66b6c	OPTIONS	/login	http://localhost:3000
20230405	00:06:38	40cd6967-43a6-4485-88a6-daeacf78b970	POST	/login	http://localhost:3000
20230405	00:08:35	f0905262-4c8d-4617-933f-9ce212e28345	OPTIONS	/login	http://localhost:3000
20230405	00:08:35	dca9b023-da6f-421e-8475-ae0548bb9c18	POST	/login	http://localhost:3000
20230405	00:08:54	b0acfd0c-8a3c-44c4-ad24-5075825b6f24	OPTIONS	/login	http://localhost:3000
20230405	00:08:54	1238acdb-4838-4bd1-96f8-b940285ab7d0	POST	/login	http://localhost:3000
20230405	00:10:31	44e48593-2bc1-424b-9dfd-8ad1447cffac	OPTIONS	/login	http://localhost:3000
20230405	00:10:31	944a9d91-ae83-4958-b260-848020eda9b0	POST	/login	http://localhost:3000
20230405	00:11:00	6af80515-3134-4167-b854-678b3528d7d6	OPTIONS	/login	http://localhost:3000
20230405	00:11:00	3d1ab91f-1bba-4ccc-ad6e-db62aef30ec5	POST	/login	http://localhost:3000
20230405	00:26:41	4e6fd90b-e38b-45d6-8594-7abf5716cdd9	OPTIONS	/login	http://localhost:3000
20230405	00:26:41	5867aa09-68c7-4b82-b1c4-dfb487e78845	POST	/login	http://localhost:3000
20230405	00:28:02	65a6abcd-f745-49f1-96c8-40055baaac32	OPTIONS	/login	http://localhost:3000
20230405	00:28:02	5648ffa7-3aaa-4f31-89a6-06010909098c	POST	/login	http://localhost:3000
20230405	00:28:55	86d2a0ed-b305-4d4f-9032-e7cb4b7f2f96	OPTIONS	/login	http://localhost:3000
20230405	00:28:55	bc35f2de-a8e6-483e-88a1-23031b894c69	POST	/login	http://localhost:3000
20230405	00:43:15	7fb3f00f-84fc-4ce9-a287-8c098407a685	OPTIONS	/login	http://localhost:3000
20230405	00:43:15	a28209b0-83ab-47f6-a798-9cadab0c2306	POST	/login	http://localhost:3000
20230405	00:43:34	0fbd8354-4eb0-40b5-bab3-146ce0e0a34a	OPTIONS	/profile-management	http://localhost:3000
20230405	00:43:34	540550aa-acb4-4f6a-b250-3c56af65ec30	POST	/profile-management	http://localhost:3000
20230405	01:41:53	369b2db6-76b8-4b43-8330-a44c0bb218ee	OPTIONS	/login	http://localhost:3000
20230405	01:41:53	7ccedd5c-8b94-4c0a-9628-a2a220bd2430	POST	/login	http://localhost:3000
20230405	01:42:22	81116189-0fb4-49d1-8f32-afc3d7bba638	OPTIONS	/register	http://localhost:3000
20230405	01:42:22	c51e7a7e-65b3-4786-beee-8c2346d4a0c2	POST	/register	http://localhost:3000
20230405	01:42:48	b43fd847-5459-4a7e-8b28-f0e621c8df15	OPTIONS	/login	http://localhost:3000
20230405	01:42:48	9bcf5536-3d47-4df8-b77e-1ee9e70ae936	POST	/login	http://localhost:3000
20230405	01:44:15	0f880238-13df-4162-b853-e71666bfc7cb	OPTIONS	/profile-management	http://localhost:3000
20230405	01:44:15	a095b11b-5b49-43fb-9b2a-1c618430a155	POST	/profile-management	http://localhost:3000
20230405	01:45:57	838b5e30-5b46-490f-9794-2c498aea2890	OPTIONS	/new-fuel-quote	http://localhost:3000
20230405	01:45:57	75ef2a86-29aa-402f-a104-6580d8bbeaba	POST	/new-fuel-quote	http://localhost:3000
20230405	01:50:14	6c7ab498-a0fd-475b-bf5e-2231aaa4f3a3	POST	/new-fuel-quote	undefined
20230405	02:52:30	e074c7f9-0517-43c7-a9f1-95d7ec39afa2	OPTIONS	/login	http://localhost:3000
20230405	02:52:30	b9d46f63-8c8f-42bb-b94b-cc62cd285e56	POST	/login	http://localhost:3000
20230405	03:08:41	d23ecfda-edad-4d3e-bbf5-23f02232c4ab	OPTIONS	/login	http://localhost:3000
20230405	03:08:41	32499e88-f357-4790-90ba-f6c6d986495e	POST	/login	http://localhost:3000
20230405	03:11:24	8cfd9fbd-17ad-45b2-be10-1651605a9ab5	OPTIONS	/login	http://localhost:3000
20230405	03:11:24	24ee9d0b-76a3-4205-847a-a61e1e9aa904	POST	/login	http://localhost:3000
20230405	03:11:32	ced3e1aa-1471-4e95-a874-cef2425926b1	OPTIONS	/login	http://localhost:3000
20230405	03:11:32	08b2fc3b-31b9-4c79-a25b-b7553e5a4f59	POST	/login	http://localhost:3000
20230405	03:12:24	88c690bb-55f3-441b-9697-eb8c857ced12	OPTIONS	/login	http://localhost:3000
20230405	03:12:24	1add9025-3caa-41a3-8e71-00e60922f4a7	POST	/login	http://localhost:3000
20230405	03:12:36	471716b4-15fd-4464-b260-c46a2b12f269	OPTIONS	/login	http://localhost:3000
20230405	03:12:36	bb7949f8-bf93-4a09-8eed-4382ad497169	POST	/login	http://localhost:3000
20230405	03:15:07	78452d11-a99d-40a4-8812-8ad087465797	OPTIONS	/login	http://localhost:3000
20230405	03:15:07	2fd4480e-1909-4840-a062-63429880ca40	POST	/login	http://localhost:3000
20230405	03:17:00	3519db83-3019-4643-a3c6-3b0a96f4c9ce	OPTIONS	/login	http://localhost:3000
20230405	03:17:00	e5423117-da44-4d55-b6f0-023f3b4e60a8	POST	/login	http://localhost:3000
20230405	03:19:03	b2d4ce8d-410a-489d-b4d3-fc6d910679cc	OPTIONS	/login	http://localhost:3000
20230405	03:19:03	f84c590e-5040-4a09-afeb-107d3269e740	POST	/login	http://localhost:3000
20230405	03:20:04	0ba1c24b-b743-47a8-be0d-84ed7a677259	OPTIONS	/login	http://localhost:3000
20230405	03:20:04	8363651f-c035-4a83-9073-ebc3084accdb	POST	/login	http://localhost:3000
20230405	03:26:33	2be91e65-3173-4f61-a9ea-43b79c16182b	OPTIONS	/login	http://localhost:3000
20230405	03:26:33	18f3b79c-5e01-47d8-ad3c-a112f9d0d432	POST	/login	http://localhost:3000
20230405	03:33:49	2215c1ef-df81-4239-871e-82c28d875606	OPTIONS	/login	http://localhost:3000
20230405	03:33:49	814d8752-ed4f-45ab-8149-76ffb26fd073	POST	/login	http://localhost:3000
20230405	03:35:27	e52f4a6c-34fd-4582-827a-0f411537feb8	OPTIONS	/login	http://localhost:3000
20230405	03:35:27	e54ba505-7fc3-47aa-84bf-133b63ae4976	POST	/login	http://localhost:3000
20230405	03:39:17	3912369d-59d3-4369-b0d4-b5b9cb78b2a4	OPTIONS	/login	http://localhost:3000
20230405	03:39:17	b092e371-30a4-4ec9-8486-430f8b901f11	POST	/login	http://localhost:3000
20230405	03:39:36	aa4a2999-f3eb-4e7f-9a77-37c83e508c43	OPTIONS	/login	http://localhost:3000
20230405	03:39:36	d8be2773-7494-430a-9be3-dee14089c5c8	POST	/login	http://localhost:3000
20230405	03:40:35	606220cb-9230-4661-b92a-60ac071ab66c	OPTIONS	/login	http://localhost:3000
20230405	03:40:35	a6ea28e3-d14e-474e-8d10-cdf8f3058309	POST	/login	http://localhost:3000
20230405	03:58:26	6e738e71-d84c-4422-b394-0b254d4e1eeb	OPTIONS	/login	http://localhost:3000
20230405	03:58:26	bf39fe4e-0b3c-46ea-a1a3-fb576d0d6f8d	POST	/login	http://localhost:3000
20230405	03:58:39	90da9d33-d6a1-4146-aeb1-738e962c3d48	OPTIONS	/new-fuel-quote	http://localhost:3000
20230405	03:58:39	bf266c7b-65bc-4798-a10d-1689a792da97	POST	/new-fuel-quote	http://localhost:3000
20230405	04:05:33	2097f566-ee18-4cb8-b8e2-dc7df80d4c5b	OPTIONS	/login	http://localhost:3000
20230405	04:05:33	24560182-34f5-4ae1-bbf3-54bd6e06a8e9	POST	/login	http://localhost:3000
20230405	04:14:32	bfdc1cd4-853e-4516-9e90-f5027cb27abc	OPTIONS	/register	http://localhost:3000
20230405	04:14:32	d22c6fe1-690e-4c1b-9cbd-8d4062600196	POST	/register	http://localhost:3000
20230405	04:16:21	08f629bb-2e98-45be-8a39-18ccdfc6f0ae	OPTIONS	/register	http://localhost:3000
20230405	04:16:21	7768ca3c-9fe7-406c-abf8-0fc206319c17	POST	/register	http://localhost:3000
20230405	04:17:05	fadb66ef-a09a-434a-b392-c42724a7e6e7	OPTIONS	/login	http://localhost:3000
20230405	04:17:05	67f9a3fc-1deb-491e-b716-6135409dd9f5	POST	/login	http://localhost:3000
20230405	04:19:16	ca347a04-7492-4898-a743-671771bbec74	OPTIONS	/profile-management	http://localhost:3000
20230405	04:19:16	e51914a3-7108-4479-9f85-42bfe366d0e3	POST	/profile-management	http://localhost:3000
20230405	04:20:46	da67c407-7019-40c6-af17-383a070e676a	OPTIONS	/profile-management	http://localhost:3000
20230405	04:20:46	0c3e3ac6-e9db-4294-b65d-9165b8537844	POST	/profile-management	http://localhost:3000
20230405	04:26:27	6bc40c70-cfad-4492-9618-2de1f9111feb	OPTIONS	/login	http://localhost:3000
20230405	04:26:27	19446fcc-85cb-4972-8e68-f177e3fc9bb8	POST	/login	http://localhost:3000
20230405	04:27:05	2ca0d9c0-6f5e-43db-8840-f4a8d65cac04	OPTIONS	/login	http://localhost:3000
20230405	04:27:05	57be4107-91c4-4554-ae74-f1e54bff59ef	POST	/login	http://localhost:3000
20230405	04:28:16	ce4f0db0-6636-46bb-acaa-991003c12198	OPTIONS	/login	http://localhost:3000
20230405	04:28:16	8f549202-0146-404a-bf9b-3e99322dd53b	POST	/login	http://localhost:3000
20230405	04:29:08	c17377b3-4d2e-48dd-98a4-2a5c5b897e06	OPTIONS	/new-fuel-quote	http://localhost:3000
20230405	04:29:08	c49f83e2-f28d-4105-bd5e-7fecc9f8207a	POST	/new-fuel-quote	http://localhost:3000
20230405	04:42:19	925a847d-8736-4612-a4f8-f279444848d4	OPTIONS	/login	http://localhost:3000
20230405	04:42:19	e5c4f8bc-7a1a-4aa3-8269-5661e5cd2bbd	POST	/login	http://localhost:3000
20230405	04:44:03	14ab7fb6-45b9-440a-989c-a9a92cf4c2ed	OPTIONS	/profile-management	http://localhost:3000
20230405	04:44:03	fdc4ed56-931e-434b-944e-44c51a810ec9	PUT	/profile-management	http://localhost:3000
20230405	04:48:07	65cdac59-3fa5-4441-96b7-b2ca5786203a	OPTIONS	/register	http://localhost:3000
20230405	04:48:07	16142bb7-104e-497c-b72a-56e7066d40e9	POST	/register	http://localhost:3000
20230405	04:48:12	2a08bf6b-6922-4694-887c-c2d619123a5b	OPTIONS	/login	http://localhost:3000
20230405	04:48:12	81e8792c-fa99-4b22-9ea4-3c8b5a40b0c1	POST	/login	http://localhost:3000
20230405	04:49:02	21dba577-7f86-4e88-bd9e-a066ab2ede7a	OPTIONS	/profile-management	http://localhost:3000
20230405	04:49:02	584c320f-44b9-42a7-b0d7-ad51c07a17c9	POST	/profile-management	http://localhost:3000
20230405	05:03:08	f0f1dcff-3b4f-4af9-a32a-05721dfb8cf7	OPTIONS	/register	http://localhost:3000
20230405	05:03:08	7ea55a11-ba64-469b-808c-252319201c8c	POST	/register	http://localhost:3000
20230405	05:03:12	c3c7f456-69f9-4a96-8b50-fe7a02863be4	OPTIONS	/login	http://localhost:3000
20230405	05:03:12	f7befee4-c002-4c2b-af86-31b52330c828	POST	/login	http://localhost:3000
20230405	05:03:50	f3b3dca9-4a00-4c98-8b11-b0ebb1124a5f	OPTIONS	/profile-management	http://localhost:3000
20230405	05:03:50	5463261d-832b-4a60-8047-2703326b8bde	POST	/profile-management	http://localhost:3000
20230405	05:10:29	41d24941-e472-41cc-b5e6-b7dff4fc1e09	OPTIONS	/register	http://localhost:3000
20230405	05:10:29	55fb67b8-7a6e-42ff-b4cc-a7f614337616	POST	/register	http://localhost:3000
20230405	05:10:34	898c8414-c2dc-4e65-b50a-6ee5c639eb8c	OPTIONS	/login	http://localhost:3000
20230405	05:10:34	6a620e10-8004-4f8a-a194-82db374c72dd	POST	/login	http://localhost:3000
20230405	05:11:28	d51b9c0f-223c-437c-bce5-5e5f9389c27c	OPTIONS	/profile-management	http://localhost:3000
20230405	05:11:28	e7a35438-a944-4d41-88f2-fff5355bfeba	POST	/profile-management	http://localhost:3000
20230405	05:14:16	4afaaac5-1638-4811-a64c-9e971bef2dc3	OPTIONS	/login	http://localhost:3000
20230405	05:14:16	8b9bb1bd-64b9-4754-b2d5-3469221ea2f1	POST	/login	http://localhost:3000
20230405	05:15:39	6ada6c3e-d2df-4dac-87f9-4327fbe76dea	OPTIONS	/login	http://localhost:3000
20230405	05:15:39	5569211c-25c6-4b33-b292-8b63ac00b421	POST	/login	http://localhost:3000
20230405	05:16:07	2f50c7e6-a683-4b42-85ed-9256fae4f5b2	OPTIONS	/new-fuel-quote	http://localhost:3000
20230405	05:16:07	dbc77a70-96d1-4b5d-9474-5f77aee76d2f	POST	/new-fuel-quote	http://localhost:3000
20230405	05:20:12	4fe8a612-547e-4ed0-8818-d0709d396097	OPTIONS	/new-fuel-quote	http://localhost:3000
20230405	05:20:12	c05711d6-5617-40b5-8730-288a78c538c7	POST	/new-fuel-quote	http://localhost:3000
20230405	05:24:08	edd5fbc8-c9a0-45a3-9f82-9fe0692790ad	POST	/new-fuel-quote	undefined
20230405	05:24:24	355acd15-4340-4229-bbb8-f0ee353897c5	POST	/new-fuel-quote	undefined
20230405	05:24:29	2cfde4e1-1537-4bf1-b50c-828e892da673	POST	/new-fuel-quote	undefined
20230405	05:24:50	14680c10-5ec6-4a37-aed1-6d826af5386f	OPTIONS	/login	http://localhost:3000
20230405	05:24:50	0931578a-5853-41f0-a6dc-54b342760681	POST	/login	http://localhost:3000
20230405	05:25:04	b9cd884f-6af9-44b9-932c-78127125de1c	OPTIONS	/new-fuel-quote	http://localhost:3000
20230405	05:25:04	fcf53f0c-c3fe-4083-9f92-9e9861cddcbd	POST	/new-fuel-quote	http://localhost:3000
20230405	05:28:52	61803616-3834-482f-b390-a07d2f3be50d	OPTIONS	/login	http://localhost:3000
20230405	05:28:52	3133c307-8cde-4884-8c78-9ebad5a404b9	POST	/login	http://localhost:3000
20230405	05:30:13	a083003d-e401-4f54-8ac7-888534d3ed85	OPTIONS	/register	http://localhost:3000
20230405	05:30:13	8fd2e6b2-4eb8-4796-8fff-fabed2f6de2d	POST	/register	http://localhost:3000
20230405	05:30:22	5baf2e41-0262-4d2d-accb-3c157c821a57	OPTIONS	/login	http://localhost:3000
20230405	05:30:22	9a75f3ae-c25c-4691-94c5-ca5df2d9c527	POST	/login	http://localhost:3000
20230405	05:31:14	6dc08db0-04de-4640-80f8-324acedd825b	OPTIONS	/profile-management	http://localhost:3000
20230405	05:31:14	8a4af79d-267b-4863-b60d-b81871f8b589	POST	/profile-management	http://localhost:3000
20230405	05:31:46	01c73be8-c903-4747-a24c-2a5269c579fd	OPTIONS	/new-fuel-quote	http://localhost:3000
20230405	05:31:46	0504b6df-b098-4bf5-88f8-20bb624a87be	POST	/new-fuel-quote	http://localhost:3000
20230405	06:38:00	2e1619d2-e25b-46b9-bb07-242ee407163c	POST	/new-fuel-quote	undefined
20230405	06:38:46	cb1ba091-dde9-4a77-a78b-0b372db22b5f	POST	/new-fuel-quote	undefined
20230405	06:39:03	75b12935-573d-4a4b-8c08-e3dafd372cf4	POST	/new-fuel-quote	undefined
20230405	06:40:56	89d90eb3-43eb-4183-afe1-c098cf68e01e	POST	/new-fuel-quote	undefined
20230405	06:41:58	55e5f6d5-e044-4c5f-9009-caba08dcfa78	POST	/new-fuel-quote	undefined
20230405	06:43:07	bd7c7060-ec4b-4f69-850f-e3c3a7aff702	POST	/new-fuel-quote	undefined
20230405	06:43:28	1ced01db-bbc2-419f-a3b0-d3349e88295c	POST	/new-fuel-quote	undefined
20230405	06:43:35	4ecc8b3c-093b-4dc3-98fd-5fed2a72f310	POST	/new-fuel-quote	undefined
20230405	06:46:08	d6f91c34-6ef6-4a34-a3ad-cc96cb588f37	GET	/new-fuel-quote	undefined
20230405	06:50:51	c018af3c-2b2e-47cd-a1b1-82a825334d0f	GET	/new-fuel-quote	undefined
20230405	06:52:02	8463be12-082c-4398-88ac-1060b3ab5217	GET	/fuel-quote-history	undefined
20230405	13:12:22	ea2e2a58-6659-490d-9cc7-21bf77e02c14	POST	/register	undefined
20230405	13:12:41	fc15d87b-1448-4dc3-8e99-f8cf1cc62533	POST	/login	undefined
20230405	13:16:01	2ff29f63-4fbc-4a5c-8c98-68f126ead7d5	POST	/profile-management	undefined
20230405	13:17:36	9f27b20d-b007-4522-8124-70528309b36e	POST	/profile-management	undefined
20230405	13:25:02	5e95c60c-4168-444c-82e4-cbeb0052b2fe	PUT	/profile-management	undefined
20230405	13:25:33	2c43afb1-8df7-40f6-89b0-03a2a31e4777	PUT	/profile-management	undefined
20230405	13:26:17	f60f8e71-8d09-44bd-b1fb-ae4902d8a02f	PUT	/profile-management	undefined
20230405	13:28:54	62f63d9a-25f8-4553-902a-328880e36e91	POST	/new-fuel-quote	undefined
20230405	13:31:15	9d976c9f-0b42-4f12-89a0-e3c93dd6d6fa	GET	/fuel-quote-history	undefined
20230405	14:03:55	f6b760d2-68b6-4222-a7ca-ec45dd644a1f	OPTIONS	/login	http://localhost:3000
20230405	14:03:55	76e5abab-c74e-4c49-9be0-b8b359f2b5fd	POST	/login	http://localhost:3000
20230405	14:05:08	50793517-4fd6-4db9-96de-3b6b28b9c23e	OPTIONS	/login	http://localhost:3000
20230405	14:05:08	825de10d-c9d7-49e1-993d-9fdc37cc46a8	POST	/login	http://localhost:3000
20230405	14:06:30	84d6f28a-f22a-4a21-b5e0-605182e1deda	OPTIONS	/new-fuel-quote	http://localhost:3000
20230405	14:06:30	78dac296-18f5-4f9c-9c07-6f3b92e84b63	POST	/new-fuel-quote	http://localhost:3000
20230405	14:09:06	be19dfd6-c042-4575-bb61-5120e6b50bc5	OPTIONS	/login	http://localhost:3000
20230405	14:09:06	11d7d869-9a05-4e57-8863-def5ded6f13c	POST	/login	http://localhost:3000
20230405	14:09:14	5aa15565-fa98-4488-8ea3-c184028a3d50	OPTIONS	/new-fuel-quote	http://localhost:3000
20230405	14:09:14	4228ee48-38c7-4fc9-9af2-cc9032155657	POST	/new-fuel-quote	http://localhost:3000
20230405	14:11:07	485ad4cd-ab38-458b-b2cb-466e24c34137	OPTIONS	/register	http://localhost:3000
20230405	14:11:07	7c7f5745-287c-48ca-9444-7cd116c31a54	POST	/register	http://localhost:3000
20230405	14:11:32	252a59af-6288-4ef6-be39-323f73fcd778	OPTIONS	/login	http://localhost:3000
20230405	14:11:32	0855c5cb-3b08-4790-8b77-152ae896cf57	POST	/login	http://localhost:3000
20230405	14:12:06	8097edb8-8123-4115-8fd7-a630f43de65e	OPTIONS	/profile-management	http://localhost:3000
20230405	14:12:06	28179962-db90-483b-a06c-49582f4a8f35	POST	/profile-management	http://localhost:3000
20230405	14:12:54	3c63317a-07eb-45f2-8d02-8663f524c3fd	OPTIONS	/new-fuel-quote	http://localhost:3000
20230405	14:12:54	b4fe1ec1-adda-4c20-ace9-6b365eec862b	POST	/new-fuel-quote	http://localhost:3000
20230405	14:13:58	897d4c7a-ce0a-47f5-931f-5e3fa2a59b87	GET	/fuel-quote-history	undefined
20230405	14:14:57	9a50fbbd-2817-4864-a878-45641c6d9ba4	OPTIONS	/login	http://localhost:3000
20230405	14:14:57	6a97799c-edd1-403c-8d50-6d020fc4ed0b	POST	/login	http://localhost:3000
20230405	14:17:39	582a7863-117e-42e4-baef-801bac6d9b92	OPTIONS	/register	http://localhost:3000
20230405	14:17:39	9685943b-8d2f-486d-826a-fa4d587ba305	POST	/register	http://localhost:3000
20230405	14:17:43	01b85abf-4cbc-4ce1-99ed-8e270cc827c0	OPTIONS	/login	http://localhost:3000
20230405	14:17:43	6ab629ea-aafb-4903-b0d0-1d0e1e0671b3	POST	/login	http://localhost:3000
20230405	14:37:00	46303091-6b57-4a24-9e65-0c9917310c6d	OPTIONS	/login	http://localhost:3000
20230405	14:37:00	469edc33-a8b7-4e98-98e0-d7016d5d3c72	POST	/login	http://localhost:3000
20230405	14:37:28	c92da507-cfa2-4e23-b9d5-432103bc20c0	OPTIONS	/login	http://localhost:3000
20230405	14:37:28	5a206acc-e5e7-456b-a9b6-71b0b43a3be9	POST	/login	http://localhost:3000
20230405	14:39:19	95730c9b-33af-458d-9d8d-36d90a8b7ed3	OPTIONS	/profile-management	http://localhost:3000
20230405	14:39:19	ce65d81a-d3b8-4c21-8ef1-c85581a35801	PUT	/profile-management	http://localhost:3000
20230405	14:41:14	2d79f80b-4117-44ef-a863-67ffbf39a328	OPTIONS	/login	http://localhost:3000
20230405	14:41:14	d75285de-b61a-412b-9047-b674d1bcebc0	POST	/login	http://localhost:3000
20230405	14:41:40	46cad4f7-26e3-46b9-8b2d-911ed6d5683f	OPTIONS	/profile-management	http://localhost:3000
20230405	14:41:40	373cdb66-a1b1-4dc5-b4ad-0fb6dd83ca03	PUT	/profile-management	http://localhost:3000
20230405	14:43:33	e57a23b3-8c6c-405b-9014-24b6eef43a02	OPTIONS	/login	http://localhost:3000
20230405	14:43:33	a9581ef9-d943-4326-8dab-2dc054217dcd	POST	/login	http://localhost:3000
20230405	14:44:04	17536976-e1d7-494c-a85e-dd094824cd72	OPTIONS	/profile-management	http://localhost:3000
20230405	14:44:04	876962d5-3124-4978-998d-baf939c5e8da	PUT	/profile-management	http://localhost:3000
20230405	14:49:10	aa1ba20d-c5a5-49bd-84e8-e14ba3d9e58f	OPTIONS	/login	http://localhost:3000
20230405	14:49:10	606d8662-8157-4000-ab16-38a6d3e15002	POST	/login	http://localhost:3000
20230405	14:49:35	4926a9e5-e14e-40ab-beac-833972b8dfeb	OPTIONS	/profile-management	http://localhost:3000
20230405	14:49:35	4ba0c720-208f-4f4b-8caf-2ae846d8dee5	PUT	/profile-management	http://localhost:3000
20230405	14:50:27	1f7c0d2c-15da-4f01-ba69-a3378d98fb68	OPTIONS	/profile-management	http://localhost:3000
20230405	14:50:27	549090ff-eb45-40c6-be02-f4775c89d613	POST	/profile-management	http://localhost:3000
20230405	14:50:42	4e7508a5-ec97-49e0-b2e4-b97a46974e1b	OPTIONS	/profile-management	http://localhost:3000
20230405	14:50:42	5594a473-3cd0-496d-8e2c-d28c8638c9a0	POST	/profile-management	http://localhost:3000
20230405	14:52:20	e5bba2cc-b192-483b-87f4-9007f6ed55d0	OPTIONS	/login	http://localhost:3000
20230405	14:52:20	048e6ed7-9762-43d2-a2f5-4192f93e3aa9	POST	/login	http://localhost:3000
20230405	14:53:45	b537267a-257b-4e5b-84e6-eeaee26d7b94	OPTIONS	/profile-management	http://localhost:3000
20230405	14:53:45	64bb9735-4643-4bb2-8de3-0e49a707a324	PUT	/profile-management	http://localhost:3000
